<?xml version="1.0" encoding="UTF-8"?>
<beans xmlns="http://www.springframework.org/schema/beans"
       xmlns:xsi="http://www.w3.org/2001/XMLSchema-instance"
       xmlns:jdbc="http://www.springframework.org/schema/jdbc"
       xsi:schemaLocation="http://www.springframework.org/schema/beans http://www.springframework.org/schema/beans/spring-beans-3.2.xsd
       http://www.springframework.org/schema/jdbc http://www.springframework.org/schema/jdbc/spring-jdbc-3.2.xsd">

    <bean name="dataSource" class="org.springframework.jdbc.datasource.DriverManagerDataSource">
        <property name="driverClassName" value="org.h2.Driver"/>
        <property name="url" value="jdbc:h2:mem:xmlStorage;DB_CLOSE_DELAY=-1"/>
        <property name="username" value="xml"/>
        <property name="password" value="storage"/>
    </bean>

    <jdbc:initialize-database data-source="dataSource">
        <jdbc:script location="classpath:eionet/webq/dao/tables.sql"/>
    </jdbc:initialize-database>
</beans>
